<?xml version="1.0" encoding="UTF-8"?>
<!-- Generated by org.testng.reporters.JUnitReportReporter -->
<testsuite skipped="0" hostname="USX2MIQTB5" name="AWSSeleniumInt.devicefarm.AppTest" tests="1" failures="0" timestamp="25 Jul 2022 12:59:17 GMT" time="0.007" errors="0">
  <testcase name="shouldAnswerWithTrue" time="0.007" classname="AWSSeleniumInt.devicefarm.AppTest"/>
</testsuite> <!-- AWSSeleniumInt.devicefarm.AppTest -->
