<?xml version="1.0" encoding="UTF-8"?>
<!-- Generated by org.testng.reporters.JUnitReportReporter -->
<testsuite skipped="0" hostname="USX2MIQTB5" name="AWSSeleniumInt.devicefarm.awsSeleniumTest" tests="1" failures="0" timestamp="25 Jul 2022 12:59:15 GMT" time="46.484" errors="0">
  <testcase name="setUp" time="46.484" classname="AWSSeleniumInt.devicefarm.awsSeleniumTest"/>
</testsuite> <!-- AWSSeleniumInt.devicefarm.awsSeleniumTest -->
